<?xml version="1.0" encoding="UTF-8"?>
<!-- Generated by org.testng.reporters.JUnitReportReporter -->
<testsuite hostname="DESKTOP-BA319U8" failures="0" tests="6" name="com.qa.mmt.testcases.MmtTest" time="132.719" errors="0" timestamp="28 Apr 2019 07:59:01 GMT">
  <testcase classname="com.qa.mmt.testcases.MmtTest" name="countFlightsTest" time="24.351"/>
  <testcase classname="com.qa.mmt.testcases.MmtTest" name="searchTest" time="12.108"/>
  <testcase classname="com.qa.mmt.testcases.MmtTest" name="countFlightsOneStopTest" time="29.454"/>
  <testcase classname="com.qa.mmt.testcases.MmtTest" name="countFlightsNonStopTest" time="30.030"/>
  <testcase classname="com.qa.mmt.testcases.MmtTest" name="checkSumWithTotalTest" time="18.062"/>
  <testcase classname="com.qa.mmt.testcases.MmtTest" name="verifyPriceTest" time="18.714"/>
</testsuite> <!-- com.qa.mmt.testcases.MmtTest -->
