<?xml version="1.0" encoding="UTF-8"?>
<!-- Generated by org.testng.reporters.JUnitReportReporter -->
<testsuite hostname="DESKTOP-BA319U8" failures="0" tests="6" name="com.qa.mmt.testcases.MmtTest" time="349.681" errors="0" timestamp="2 May 2019 12:58:41 GMT">
  <testcase classname="com.qa.mmt.testcases.MmtTest" name="countFlightsOneStopTest" time="29.726"/>
  <testcase classname="com.qa.mmt.testcases.MmtTest" name="countFlightsTest" time="40.207"/>
  <testcase classname="com.qa.mmt.testcases.MmtTest" name="countFlightsNonStopTest" time="28.491"/>
  <testcase classname="com.qa.mmt.testcases.MmtTest" name="verifyPriceTest" time="19.382"/>
  <testcase classname="com.qa.mmt.testcases.MmtTest" name="checkSumWithTotalTest" time="17.757"/>
  <testcase classname="com.qa.mmt.testcases.MmtTest" name="searchTest" time="214.118"/>
</testsuite> <!-- com.qa.mmt.testcases.MmtTest -->
