<?xml version="1.0" encoding="UTF-8"?>
<!-- Generated by org.testng.reporters.JUnitReportReporter -->
<testsuite hostname="DESKTOP-BA319U8" failures="0" tests="6" name="com.qa.mmt.testcases.MmtTest" time="129.579" errors="0" timestamp="6 May 2019 13:21:26 GMT">
  <testcase classname="com.qa.mmt.testcases.MmtTest" name="countFlightsNonStopTest" time="27.988"/>
  <testcase classname="com.qa.mmt.testcases.MmtTest" name="verifyPriceTest" time="17.101"/>
  <testcase classname="com.qa.mmt.testcases.MmtTest" name="checkSumWithTotalTest" time="15.440"/>
  <testcase classname="com.qa.mmt.testcases.MmtTest" name="countFlightsTest" time="25.457"/>
  <testcase classname="com.qa.mmt.testcases.MmtTest" name="countFlightsOneStopTest" time="30.893"/>
  <testcase classname="com.qa.mmt.testcases.MmtTest" name="searchTest" time="12.700"/>
</testsuite> <!-- com.qa.mmt.testcases.MmtTest -->
