<?xml version="1.0" encoding="UTF-8"?>
<!-- Generated by org.testng.reporters.JUnitReportReporter -->
<testsuite hostname="DESKTOP-BA319U8" failures="0" tests="1" name="com.qa.mmt.testcases.MmtTest" time="46.278" errors="0" timestamp="28 Apr 2019 05:58:42 GMT">
  <testcase classname="com.qa.mmt.testcases.MmtTest" name="searchTest" time="46.278"/>
</testsuite> <!-- com.qa.mmt.testcases.MmtTest -->
